<?xml version="1.0" encoding="UTF-8"?>
<testng-results ignored="0" total="1" passed="1" failed="0" skipped="0">
  <reporter-output>
    <line>
      <![CDATA[Created Campaign Successfully]]>
    </line>
  </reporter-output>
  <suite started-at="2024-10-18T20:46:23 IST" name="Default suite" finished-at="2024-10-18T20:46:23 IST" duration-ms="84">
    <groups>
    </groups>
    <test started-at="2024-10-18T20:46:23 IST" name="Default test" finished-at="2024-10-18T20:46:23 IST" duration-ms="84">
      <class name="campaign.CreateCampaignTest">
        <test-method signature="createCampaign()[pri:0, instance:campaign.CreateCampaignTest@6356695f]" started-at="2024-10-18T20:46:23 IST" name="createCampaign" finished-at="2024-10-18T20:46:23 IST" duration-ms="17" status="PASS">
          <reporter-output>
            <line>
              <![CDATA[Created Campaign Successfully]]>
            </line>
          </reporter-output>
        </test-method> <!-- createCampaign -->
      </class> <!-- campaign.CreateCampaignTest -->
    </test> <!-- Default test -->
  </suite> <!-- Default suite -->
</testng-results>
